Determining if the pthread_create exist failed with the following output:
Change Dir: /home/pi/my_catkin_ws/build/CMakeFiles/CMakeTmp

Run Build Command:/usr/bin/make "cmTryCompileExec2479770257/fast"
/usr/bin/make -f CMakeFiles/cmTryCompileExec2479770257.dir/build.make CMakeFiles/cmTryCompileExec2479770257.dir/build
make[1]: Entering directory '/home/pi/my_catkin_ws/build/CMakeFiles/CMakeTmp'
/usr/bin/cmake -E cmake_progress_report /home/pi/my_catkin_ws/build/CMakeFiles/CMakeTmp/CMakeFiles 1
Building C object CMakeFiles/cmTryCompileExec2479770257.dir/CheckSymbolExists.c.o
/usr/bin/gcc    -o CMakeFiles/cmTryCompileExec2479770257.dir/CheckSymbolExists.c.o   -c /home/pi/my_catkin_ws/build/CMakeFiles/CMakeTmp/CheckSymbolExists.c
Linking C executable cmTryCompileExec2479770257
/usr/bin/cmake -E cmake_link_script CMakeFiles/cmTryCompileExec2479770257.dir/link.txt --verbose=1
/usr/bin/gcc         CMakeFiles/cmTryCompileExec2479770257.dir/CheckSymbolExists.c.o  -o cmTryCompileExec2479770257 -rdynamic 
CMakeFiles/cmTryCompileExec2479770257.dir/CheckSymbolExists.c.o: dans la fonction « main »:
CheckSymbolExists.c:(.text+0x38): référence indéfinie vers « pthread_create »
collect2: ld returned 1 exit status
CMakeFiles/cmTryCompileExec2479770257.dir/build.make:91: recipe for target 'cmTryCompileExec2479770257' failed
make[1]: Leaving directory '/home/pi/my_catkin_ws/build/CMakeFiles/CMakeTmp'
make[1]: *** [cmTryCompileExec2479770257] Error 1
Makefile:117: recipe for target 'cmTryCompileExec2479770257/fast' failed
make: *** [cmTryCompileExec2479770257/fast] Error 2

File /home/pi/my_catkin_ws/build/CMakeFiles/CMakeTmp/CheckSymbolExists.c:
/* */
#include <pthread.h>

int main(int argc, char** argv)
{
  (void)argv;
#ifndef pthread_create
  return ((int*)(&pthread_create))[argc];
#else
  (void)argc;
  return 0;
#endif
}

Determining if the function pthread_create exists in the pthreads failed with the following output:
Change Dir: /home/pi/my_catkin_ws/build/CMakeFiles/CMakeTmp

Run Build Command:/usr/bin/make "cmTryCompileExec4235156963/fast"
/usr/bin/make -f CMakeFiles/cmTryCompileExec4235156963.dir/build.make CMakeFiles/cmTryCompileExec4235156963.dir/build
make[1]: Entering directory '/home/pi/my_catkin_ws/build/CMakeFiles/CMakeTmp'
/usr/bin/cmake -E cmake_progress_report /home/pi/my_catkin_ws/build/CMakeFiles/CMakeTmp/CMakeFiles 1
Building C object CMakeFiles/cmTryCompileExec4235156963.dir/CheckFunctionExists.c.o
/usr/bin/gcc   -DCHECK_FUNCTION_EXISTS=pthread_create   -o CMakeFiles/cmTryCompileExec4235156963.dir/CheckFunctionExists.c.o   -c /usr/share/cmake-2.8/Modules/CheckFunctionExists.c
Linking C executable cmTryCompileExec4235156963
/usr/bin/cmake -E cmake_link_script CMakeFiles/cmTryCompileExec4235156963.dir/link.txt --verbose=1
/usr/bin/gcc     -DCHECK_FUNCTION_EXISTS=pthread_create    CMakeFiles/cmTryCompileExec4235156963.dir/CheckFunctionExists.c.o  -o cmTryCompileExec4235156963 -rdynamic -lpthreads 
/usr/bin/ld: ne peut trouver -lpthreads
collect2: ld returned 1 exit status
CMakeFiles/cmTryCompileExec4235156963.dir/build.make:91: recipe for target 'cmTryCompileExec4235156963' failed
make[1]: Leaving directory '/home/pi/my_catkin_ws/build/CMakeFiles/CMakeTmp'
make[1]: *** [cmTryCompileExec4235156963] Error 1
Makefile:117: recipe for target 'cmTryCompileExec4235156963/fast' failed
make: *** [cmTryCompileExec4235156963/fast] Error 2


